<?xml version="1.0" encoding="UTF-8"?>
<testng-results skipped="0" failed="0" ignored="0" total="1" passed="1">
  <reporter-output>
  </reporter-output>
  <suite name="Default suite" duration-ms="54582" started-at="2019-07-02T13:42:28Z" finished-at="2019-07-02T13:43:23Z">
    <groups>
    </groups>
    <test name="Default test" duration-ms="54582" started-at="2019-07-02T13:42:28Z" finished-at="2019-07-02T13:43:23Z">
      <class name="Eapps_Test_case_Folder1.CallieBrowser">
        <test-method status="PASS" signature="beforeMethod()[pri:0, instance:Eapps_Test_case_Folder1.CallieBrowser@ae45eb6]" name="beforeMethod" is-config="true" duration-ms="41075" started-at="2019-07-02T13:42:28Z" finished-at="2019-07-02T13:43:09Z">
          <reporter-output>
          </reporter-output>
        </test-method> <!-- beforeMethod -->
        <test-method status="PASS" signature="CallieBrowser()[pri:0, instance:Eapps_Test_case_Folder1.CallieBrowser@ae45eb6]" name="CallieBrowser" duration-ms="10102" started-at="2019-07-02T13:43:09Z" finished-at="2019-07-02T13:43:20Z">
          <reporter-output>
          </reporter-output>
        </test-method> <!-- CallieBrowser -->
        <test-method status="PASS" signature="afterMethod(org.testng.ITestResult)[pri:0, instance:Eapps_Test_case_Folder1.CallieBrowser@ae45eb6]" name="afterMethod" is-config="true" duration-ms="3329" started-at="2019-07-02T13:43:20Z" finished-at="2019-07-02T13:43:23Z">
          <params>
            <param index="0">
              <value>
                <![CDATA[[TestResult name=CallieBrowser status=SUCCESS method=CallieBrowser.CallieBrowser()[pri:0, instance:Eapps_Test_case_Folder1.CallieBrowser@ae45eb6] output={null}]]]>
              </value>
            </param>
          </params>
          <reporter-output>
          </reporter-output>
        </test-method> <!-- afterMethod -->
      </class> <!-- Eapps_Test_case_Folder1.CallieBrowser -->
    </test> <!-- Default test -->
  </suite> <!-- Default suite -->
</testng-results>
